<?xml version="1.0" encoding="UTF-8"?>
<!-- Generated by org.testng.reporters.JUnitReportReporter -->
<testsuite skipped="0" hostname="DESKTOP-CG9G5TL" name="App.AppTest" tests="1" failures="0" timestamp="21 Oct 2019 14:03:34 GMT" time="39.834" errors="0">
  <testcase name="Check" time="39.834" classname="App.AppTest"/>
</testsuite> <!-- App.AppTest -->
